<?xml version="1.0" encoding="UTF-8"?>
<!-- Generated by org.testng.reporters.JUnitReportReporter -->
<testsuite hostname="Niha" failures="0" tests="3" name="com.CRM.TestCase.HomePageTestCase" time="0.784" errors="0" timestamp="2024-11-24T21:14:24 IST" skipped="0">
  <testcase classname="com.CRM.TestCase.HomePageTestCase" name="verifyUrl" time="0.012"/>
  <system-out/>
  <testcase classname="com.CRM.TestCase.HomePageTestCase" name="verifyTitle" time="0.013"/>
  <system-out/>
  <testcase classname="com.CRM.TestCase.HomePageTestCase" name="validateSIgnInLink" time="0.759"/>
  <system-out/>
</testsuite> <!-- com.CRM.TestCase.HomePageTestCase -->
