<?xml version="1.0" encoding="UTF-8"?>
<!-- Generated by org.testng.reporters.JUnitReportReporter -->
<testsuite hostname="Niha" failures="0" tests="2" name="com.CRM.TestCase.LoginPageTestCase" time="2.109" errors="0" timestamp="2024-11-24T21:14:24 IST" skipped="0">
  <testcase classname="com.CRM.TestCase.LoginPageTestCase" name="pageSetUp" time="1.291"/>
  <system-out/>
  <testcase classname="com.CRM.TestCase.LoginPageTestCase" name="validateLogin" time="0.818"/>
  <system-out/>
</testsuite> <!-- com.CRM.TestCase.LoginPageTestCase -->
