<?xml version="1.0" encoding="UTF-8"?>
<!-- Generated by org.testng.reporters.JUnitReportReporter -->
<testsuite hostname="Niha" failures="0" tests="2" name="com.CRM.TestCase.LoginPageTestCase" time="2.544" errors="0" timestamp="2024-12-06T15:46:25 IST" skipped="0">
  <testcase classname="com.CRM.TestCase.LoginPageTestCase" name="pageSetUp" time="1.004"/>
  <system-out/>
  <testcase classname="com.CRM.TestCase.LoginPageTestCase" name="validateLogin" time="1.540"/>
  <system-out/>
</testsuite> <!-- com.CRM.TestCase.LoginPageTestCase -->
