<?xml version="1.0" encoding="UTF-8"?>
<!-- Generated by org.testng.reporters.JUnitReportReporter -->
<testsuite hostname="Niha" failures="0" tests="2" name="com.CRM.TestCase.LoginPageTestCase" time="1.919" errors="0" timestamp="2024-12-05T04:45:48 IST" skipped="0">
  <testcase classname="com.CRM.TestCase.LoginPageTestCase" name="validateLogin" time="1.086"/>
  <system-out/>
  <testcase classname="com.CRM.TestCase.LoginPageTestCase" name="pageSetUp" time="0.833"/>
  <system-out/>
</testsuite> <!-- com.CRM.TestCase.LoginPageTestCase -->
