<?xml version="1.0" encoding="UTF-8"?>
<!-- Generated by org.testng.reporters.JUnitReportReporter -->
<testsuite hostname="Niha" failures="0" tests="2" name="com.CRM.TestCase.LoginPageTestCase" time="1.642" errors="0" timestamp="2024-11-25T19:14:27 IST" skipped="0">
  <testcase classname="com.CRM.TestCase.LoginPageTestCase" name="pageSetUp" time="0.781"/>
  <system-out/>
  <testcase classname="com.CRM.TestCase.LoginPageTestCase" name="validateLogin" time="0.861"/>
  <system-out/>
</testsuite> <!-- com.CRM.TestCase.LoginPageTestCase -->
